<?xml version="1.0" encoding="UTF-8"?>
<testsuites name="Mocha Tests" time="17.477" tests="1" failures="0">
  <testsuite name="Root Suite" timestamp="2025-06-09T21:06:23" tests="0" file="cypress\e2e\assertLabelVisiveis_OrangeHRM.cy.js" time="0.000" failures="0">
  </testsuite>
  <testsuite name="Validar Label - OrangeHRM" timestamp="2025-06-09T21:06:23" tests="1" time="17.474" failures="0">
    <testcase name="Validar Label - OrangeHRM Validando Labels da tela de busca" time="10.131" classname="Validando Labels da tela de busca">
    </testcase>
  </testsuite>
</testsuites>