<?xml version="1.0" encoding="UTF-8"?>
<testsuites name="Mocha Tests" time="8.616" tests="1" failures="0">
  <testsuite name="Root Suite" timestamp="2025-06-10T20:41:40" tests="0" file="cypress\e2e\automation_OrangeHRM_nohappy.cy.js" time="0.000" failures="0">
  </testsuite>
  <testsuite name="Fluxo não feliz - Cadastro sem First Name" timestamp="2025-06-10T20:41:40" tests="1" time="8.614" failures="0">
    <testcase name="Fluxo não feliz - Cadastro sem First Name Deve exibir erro ao tentar cadastrar colaborador sem First Name" time="8.542" classname="Deve exibir erro ao tentar cadastrar colaborador sem First Name">
    </testcase>
  </testsuite>
</testsuites>