<?xml version="1.0" encoding="UTF-8"?>
<testsuites name="Mocha Tests" time="8.879" tests="1" failures="0">
  <testsuite name="Root Suite" timestamp="2025-06-10T16:39:03" tests="0" file="cypress\e2e\assertLabelVisiveis_OrangeHRM.cy.js" time="0.000" failures="0">
  </testsuite>
  <testsuite name="Validar Label - OrangeHRM" timestamp="2025-06-10T16:39:03" tests="1" time="8.877" failures="0">
    <testcase name="Validar Label - OrangeHRM Validando Labels da tela de busca" time="8.759" classname="Validando Labels da tela de busca">
    </testcase>
  </testsuite>
</testsuites>