<?xml version="1.0" encoding="UTF-8"?>
<testsuites name="Mocha Tests" time="35.960" tests="1" failures="0">
  <testsuite name="Root Suite" timestamp="2025-06-10T13:00:30" tests="0" file="cypress\e2e\assertLabelVisiveis_OrangeHRM.cy.js" time="0.000" failures="0">
  </testsuite>
  <testsuite name="Validar Label - OrangeHRM" timestamp="2025-06-10T13:00:30" tests="1" time="35.952" failures="0">
    <testcase name="Validar Label - OrangeHRM Validando Labels da tela de busca" time="17.444" classname="Validando Labels da tela de busca">
    </testcase>
  </testsuite>
</testsuites>